<?xml version="1.0" encoding="UTF-8"?>
<testsuite name="net.ccbluex.liquidbounce.render.engine.font.DynamicAtlasAllocatorTest" tests="1" skipped="0" failures="0" errors="0" timestamp="2025-01-22T01:33:47" hostname="WIN-TRJ" time="0.08">
  <properties/>
  <testcase name="testAllocator()" classname="net.ccbluex.liquidbounce.render.engine.font.DynamicAtlasAllocatorTest" time="0.08"/>
  <system-out><![CDATA[]]></system-out>
  <system-err><![CDATA[]]></system-err>
</testsuite>
