<?xml version="1.0" encoding="UTF-8"?>
<testsuite name="net.ccbluex.liquidbounce.utils.kotlin.RequestHandlerTest" tests="1" skipped="0" failures="0" errors="0" timestamp="2025-01-22T01:33:48" hostname="WIN-TRJ" time="0.371">
  <properties/>
  <testcase name="testRequestHandler()" classname="net.ccbluex.liquidbounce.utils.kotlin.RequestHandlerTest" time="0.371"/>
  <system-out><![CDATA[]]></system-out>
  <system-err><![CDATA[]]></system-err>
</testsuite>
